<?xml version="1.0" encoding="UTF-8"?>
<!-- Generated by org.testng.reporters.JUnitXMLReporter -->
<testsuite hostname="DESKTOP-TJ3BED7" name="firstreportsep8" tests="4" failures="0" timestamp="8 Sep 2022 09:39:31 GMT" time="50.968" errors="0">
  <testcase name="branches" time="3.63" classname="sep7.PrimusD"/>
  <testcase name="employees" time="3.826" classname="sep7.PrimusD"/>
  <testcase name="roles" time="5.076" classname="sep7.PrimusD"/>
  <testcase name="users" time="17.821" classname="sep7.PrimusD"/>
</testsuite> <!-- firstreportsep8 -->
