<?xml version="1.0" encoding="UTF-8"?>
<testng-results skipped="0" failed="0" total="1" passed="1">
  <reporter-output>
    <line>
      <![CDATA[launched]]>
    </line>
  </reporter-output>
  <suite name="Default suite" duration-ms="11495" started-at="2022-09-11T13:20:27Z" finished-at="2022-09-11T13:20:39Z">
    <groups>
    </groups>
    <test name="Default test" duration-ms="11495" started-at="2022-09-11T13:20:27Z" finished-at="2022-09-11T13:20:39Z">
      <class name="sep8.Facebookk">
        <test-method status="PASS" signature="setup()[pri:0, instance:sep8.Facebookk@396a51ab]" name="setup" is-config="true" duration-ms="5947" started-at="2022-09-11T18:50:27Z" finished-at="2022-09-11T18:50:33Z">
          <reporter-output>
            <line>
              <![CDATA[launched]]>
            </line>
          </reporter-output>
        </test-method> <!-- setup -->
        <test-method status="PASS" signature="login()[pri:0, instance:sep8.Facebookk@396a51ab]" name="login" duration-ms="5484" started-at="2022-09-11T18:50:33Z" finished-at="2022-09-11T18:50:39Z">
          <reporter-output>
          </reporter-output>
        </test-method> <!-- login -->
        <test-method status="FAIL" signature="teardown()[pri:0, instance:sep8.Facebookk@396a51ab]" name="teardown" is-config="true" duration-ms="0" started-at="2022-09-11T18:50:39Z" finished-at="2022-09-11T18:50:39Z">
          <exception class="java.lang.IllegalArgumentException">
            <message>
              <![CDATA[Cannot find elements when the XPath is null.]]>
            </message>
            <full-stacktrace>
              <![CDATA[java.lang.IllegalArgumentException: Cannot find elements when the XPath is null.
	at org.openqa.selenium.By$ByXPath.<init>(By.java:339)
	at org.openqa.selenium.By.xpath(By.java:92)
	at sep8.Facebookk.teardown(Facebookk.java:36)
	at sun.reflect.NativeMethodAccessorImpl.invoke0(Native Method)
	at sun.reflect.NativeMethodAccessorImpl.invoke(Unknown Source)
	at sun.reflect.DelegatingMethodAccessorImpl.invoke(Unknown Source)
	at java.lang.reflect.Method.invoke(Unknown Source)
	at org.testng.internal.MethodInvocationHelper.invokeMethod(MethodInvocationHelper.java:86)
	at org.testng.internal.Invoker.invokeConfigurationMethod(Invoker.java:515)
	at org.testng.internal.Invoker.invokeConfigurations(Invoker.java:216)
	at org.testng.internal.Invoker.invokeConfigurations(Invoker.java:143)
	at org.testng.TestRunner.afterRun(TestRunner.java:1005)
	at org.testng.TestRunner.run(TestRunner.java:636)
	at org.testng.SuiteRunner.runTest(SuiteRunner.java:366)
	at org.testng.SuiteRunner.runSequentially(SuiteRunner.java:361)
	at org.testng.SuiteRunner.privateRun(SuiteRunner.java:319)
	at org.testng.SuiteRunner.run(SuiteRunner.java:268)
	at org.testng.SuiteRunnerWorker.runSuite(SuiteRunnerWorker.java:52)
	at org.testng.SuiteRunnerWorker.run(SuiteRunnerWorker.java:86)
	at org.testng.TestNG.runSuitesSequentially(TestNG.java:1225)
	at org.testng.TestNG.runSuitesLocally(TestNG.java:1150)
	at org.testng.TestNG.runSuites(TestNG.java:1075)
	at org.testng.TestNG.run(TestNG.java:1047)
	at org.testng.remote.AbstractRemoteTestNG.run(AbstractRemoteTestNG.java:126)
	at org.testng.remote.RemoteTestNG.initAndRun(RemoteTestNG.java:137)
	at org.testng.remote.RemoteTestNG.main(RemoteTestNG.java:58)
]]>
            </full-stacktrace>
          </exception> <!-- java.lang.IllegalArgumentException -->
          <reporter-output>
          </reporter-output>
        </test-method> <!-- teardown -->
      </class> <!-- sep8.Facebookk -->
    </test> <!-- Default test -->
  </suite> <!-- Default suite -->
</testng-results>
